<?xml version="1.0" encoding="UTF-8"?>
<testsuite xmlns:xsi="http://www.w3.org/2001/XMLSchema-instance" xsi:noNamespaceSchemaLocation="https://maven.apache.org/surefire/maven-surefire-plugin/xsd/surefire-test-report.xsd" name="com.javatechie.reactive.SpringReactiveMongoCrudApplicationTests" time="4.118" tests="5" errors="0" skipped="0" failures="0">
  <properties>
    <property name="awt.toolkit" value="sun.awt.X11.XToolkit"/>
    <property name="java.specification.version" value="11"/>
    <property name="sun.cpu.isalist" value=""/>
    <property name="sun.jnu.encoding" value="UTF-8"/>
    <property name="java.class.path" value="/workspace/spring-reactive-mongo-crud/target/test-classes:/workspace/spring-reactive-mongo-crud/target/classes:/workspace/m2-repository/org/springframework/boot/spring-boot-starter-data-mongodb-reactive/2.4.5/spring-boot-starter-data-mongodb-reactive-2.4.5.jar:/workspace/m2-repository/org/springframework/boot/spring-boot-starter/2.4.5/spring-boot-starter-2.4.5.jar:/workspace/m2-repository/org/springframework/boot/spring-boot/2.4.5/spring-boot-2.4.5.jar:/workspace/m2-repository/org/springframework/boot/spring-boot-autoconfigure/2.4.5/spring-boot-autoconfigure-2.4.5.jar:/workspace/m2-repository/org/springframework/boot/spring-boot-starter-logging/2.4.5/spring-boot-starter-logging-2.4.5.jar:/workspace/m2-repository/ch/qos/logback/logback-classic/1.2.3/logback-classic-1.2.3.jar:/workspace/m2-repository/ch/qos/logback/logback-core/1.2.3/logback-core-1.2.3.jar:/workspace/m2-repository/org/apache/logging/log4j/log4j-to-slf4j/2.13.3/log4j-to-slf4j-2.13.3.jar:/workspace/m2-repository/org/apache/logging/log4j/log4j-api/2.13.3/log4j-api-2.13.3.jar:/workspace/m2-repository/org/slf4j/jul-to-slf4j/1.7.30/jul-to-slf4j-1.7.30.jar:/workspace/m2-repository/jakarta/annotation/jakarta.annotation-api/1.3.5/jakarta.annotation-api-1.3.5.jar:/workspace/m2-repository/org/yaml/snakeyaml/1.27/snakeyaml-1.27.jar:/workspace/m2-repository/io/projectreactor/reactor-core/3.4.5/reactor-core-3.4.5.jar:/workspace/m2-repository/org/reactivestreams/reactive-streams/1.0.3/reactive-streams-1.0.3.jar:/workspace/m2-repository/org/mongodb/mongodb-driver-reactivestreams/4.1.2/mongodb-driver-reactivestreams-4.1.2.jar:/workspace/m2-repository/org/mongodb/bson/4.1.2/bson-4.1.2.jar:/workspace/m2-repository/org/mongodb/mongodb-driver-core/4.1.2/mongodb-driver-core-4.1.2.jar:/workspace/m2-repository/org/springframework/data/spring-data-mongodb/3.1.8/spring-data-mongodb-3.1.8.jar:/workspace/m2-repository/org/springframework/spring-tx/5.3.6/spring-tx-5.3.6.jar:/workspace/m2-repository/org/springframework/spring-context/5.3.6/spring-context-5.3.6.jar:/workspace/m2-repository/org/springframework/spring-aop/5.3.6/spring-aop-5.3.6.jar:/workspace/m2-repository/org/springframework/spring-beans/5.3.6/spring-beans-5.3.6.jar:/workspace/m2-repository/org/springframework/spring-expression/5.3.6/spring-expression-5.3.6.jar:/workspace/m2-repository/org/springframework/data/spring-data-commons/2.4.8/spring-data-commons-2.4.8.jar:/workspace/m2-repository/org/slf4j/slf4j-api/1.7.30/slf4j-api-1.7.30.jar:/workspace/m2-repository/org/springframework/boot/spring-boot-starter-webflux/2.4.5/spring-boot-starter-webflux-2.4.5.jar:/workspace/m2-repository/org/springframework/boot/spring-boot-starter-json/2.4.5/spring-boot-starter-json-2.4.5.jar:/workspace/m2-repository/com/fasterxml/jackson/core/jackson-databind/2.11.4/jackson-databind-2.11.4.jar:/workspace/m2-repository/com/fasterxml/jackson/core/jackson-annotations/2.11.4/jackson-annotations-2.11.4.jar:/workspace/m2-repository/com/fasterxml/jackson/core/jackson-core/2.11.4/jackson-core-2.11.4.jar:/workspace/m2-repository/com/fasterxml/jackson/datatype/jackson-datatype-jdk8/2.11.4/jackson-datatype-jdk8-2.11.4.jar:/workspace/m2-repository/com/fasterxml/jackson/datatype/jackson-datatype-jsr310/2.11.4/jackson-datatype-jsr310-2.11.4.jar:/workspace/m2-repository/com/fasterxml/jackson/module/jackson-module-parameter-names/2.11.4/jackson-module-parameter-names-2.11.4.jar:/workspace/m2-repository/org/springframework/boot/spring-boot-starter-reactor-netty/2.4.5/spring-boot-starter-reactor-netty-2.4.5.jar:/workspace/m2-repository/io/projectreactor/netty/reactor-netty-http/1.0.6/reactor-netty-http-1.0.6.jar:/workspace/m2-repository/io/netty/netty-codec-http/4.1.63.Final/netty-codec-http-4.1.63.Final.jar:/workspace/m2-repository/io/netty/netty-common/4.1.63.Final/netty-common-4.1.63.Final.jar:/workspace/m2-repository/io/netty/netty-buffer/4.1.63.Final/netty-buffer-4.1.63.Final.jar:/workspace/m2-repository/io/netty/netty-transport/4.1.63.Final/netty-transport-4.1.63.Final.jar:/workspace/m2-repository/io/netty/netty-codec/4.1.63.Final/netty-codec-4.1.63.Final.jar:/workspace/m2-repository/io/netty/netty-handler/4.1.63.Final/netty-handler-4.1.63.Final.jar:/workspace/m2-repository/io/netty/netty-codec-http2/4.1.63.Final/netty-codec-http2-4.1.63.Final.jar:/workspace/m2-repository/io/netty/netty-resolver-dns/4.1.63.Final/netty-resolver-dns-4.1.63.Final.jar:/workspace/m2-repository/io/netty/netty-resolver/4.1.63.Final/netty-resolver-4.1.63.Final.jar:/workspace/m2-repository/io/netty/netty-codec-dns/4.1.63.Final/netty-codec-dns-4.1.63.Final.jar:/workspace/m2-repository/io/netty/netty-resolver-dns-native-macos/4.1.63.Final/netty-resolver-dns-native-macos-4.1.63.Final-osx-x86_64.jar:/workspace/m2-repository/io/netty/netty-transport-native-unix-common/4.1.63.Final/netty-transport-native-unix-common-4.1.63.Final.jar:/workspace/m2-repository/io/netty/netty-transport-native-epoll/4.1.63.Final/netty-transport-native-epoll-4.1.63.Final-linux-x86_64.jar:/workspace/m2-repository/io/projectreactor/netty/reactor-netty-core/1.0.6/reactor-netty-core-1.0.6.jar:/workspace/m2-repository/io/netty/netty-handler-proxy/4.1.63.Final/netty-handler-proxy-4.1.63.Final.jar:/workspace/m2-repository/io/netty/netty-codec-socks/4.1.63.Final/netty-codec-socks-4.1.63.Final.jar:/workspace/m2-repository/org/springframework/spring-web/5.3.6/spring-web-5.3.6.jar:/workspace/m2-repository/org/springframework/spring-webflux/5.3.6/spring-webflux-5.3.6.jar:/workspace/m2-repository/org/projectlombok/lombok/1.18.20/lombok-1.18.20.jar:/workspace/m2-repository/org/springframework/boot/spring-boot-starter-test/2.4.5/spring-boot-starter-test-2.4.5.jar:/workspace/m2-repository/org/springframework/boot/spring-boot-test/2.4.5/spring-boot-test-2.4.5.jar:/workspace/m2-repository/org/springframework/boot/spring-boot-test-autoconfigure/2.4.5/spring-boot-test-autoconfigure-2.4.5.jar:/workspace/m2-repository/com/jayway/jsonpath/json-path/2.4.0/json-path-2.4.0.jar:/workspace/m2-repository/net/minidev/json-smart/2.3/json-smart-2.3.jar:/workspace/m2-repository/net/minidev/accessors-smart/1.2/accessors-smart-1.2.jar:/workspace/m2-repository/org/ow2/asm/asm/5.0.4/asm-5.0.4.jar:/workspace/m2-repository/jakarta/xml/bind/jakarta.xml.bind-api/2.3.3/jakarta.xml.bind-api-2.3.3.jar:/workspace/m2-repository/jakarta/activation/jakarta.activation-api/1.2.2/jakarta.activation-api-1.2.2.jar:/workspace/m2-repository/org/assertj/assertj-core/3.18.1/assertj-core-3.18.1.jar:/workspace/m2-repository/org/hamcrest/hamcrest/2.2/hamcrest-2.2.jar:/workspace/m2-repository/org/junit/jupiter/junit-jupiter/5.7.1/junit-jupiter-5.7.1.jar:/workspace/m2-repository/org/junit/jupiter/junit-jupiter-api/5.7.1/junit-jupiter-api-5.7.1.jar:/workspace/m2-repository/org/apiguardian/apiguardian-api/1.1.0/apiguardian-api-1.1.0.jar:/workspace/m2-repository/org/opentest4j/opentest4j/1.2.0/opentest4j-1.2.0.jar:/workspace/m2-repository/org/junit/platform/junit-platform-commons/1.7.1/junit-platform-commons-1.7.1.jar:/workspace/m2-repository/org/junit/jupiter/junit-jupiter-params/5.7.1/junit-jupiter-params-5.7.1.jar:/workspace/m2-repository/org/junit/jupiter/junit-jupiter-engine/5.7.1/junit-jupiter-engine-5.7.1.jar:/workspace/m2-repository/org/junit/platform/junit-platform-engine/1.7.1/junit-platform-engine-1.7.1.jar:/workspace/m2-repository/org/mockito/mockito-core/3.6.28/mockito-core-3.6.28.jar:/workspace/m2-repository/net/bytebuddy/byte-buddy/1.10.22/byte-buddy-1.10.22.jar:/workspace/m2-repository/net/bytebuddy/byte-buddy-agent/1.10.22/byte-buddy-agent-1.10.22.jar:/workspace/m2-repository/org/objenesis/objenesis/3.1/objenesis-3.1.jar:/workspace/m2-repository/org/mockito/mockito-junit-jupiter/3.6.28/mockito-junit-jupiter-3.6.28.jar:/workspace/m2-repository/org/skyscreamer/jsonassert/1.5.0/jsonassert-1.5.0.jar:/workspace/m2-repository/com/vaadin/external/google/android-json/0.0.20131108.vaadin1/android-json-0.0.20131108.vaadin1.jar:/workspace/m2-repository/org/springframework/spring-core/5.3.6/spring-core-5.3.6.jar:/workspace/m2-repository/org/springframework/spring-jcl/5.3.6/spring-jcl-5.3.6.jar:/workspace/m2-repository/org/springframework/spring-test/5.3.6/spring-test-5.3.6.jar:/workspace/m2-repository/org/xmlunit/xmlunit-core/2.7.0/xmlunit-core-2.7.0.jar:/workspace/m2-repository/de/flapdoodle/embed/de.flapdoodle.embed.mongo/2.2.0/de.flapdoodle.embed.mongo-2.2.0.jar:/workspace/m2-repository/de/flapdoodle/embed/de.flapdoodle.embed.process/2.1.2/de.flapdoodle.embed.process-2.1.2.jar:/workspace/m2-repository/org/apache/commons/commons-lang3/3.11/commons-lang3-3.11.jar:/workspace/m2-repository/net/java/dev/jna/jna/4.0.0/jna-4.0.0.jar:/workspace/m2-repository/net/java/dev/jna/jna-platform/4.0.0/jna-platform-4.0.0.jar:/workspace/m2-repository/org/apache/commons/commons-compress/1.18/commons-compress-1.18.jar:/workspace/m2-repository/io/projectreactor/reactor-test/3.4.5/reactor-test-3.4.5.jar:/workspace/m2-repository/junit/junit/4.13.2/junit-4.13.2.jar:/workspace/m2-repository/org/hamcrest/hamcrest-core/2.2/hamcrest-core-2.2.jar:"/>
    <property name="java.vm.vendor" value="Azul Systems, Inc."/>
    <property name="sun.arch.data.model" value="64"/>
    <property name="java.vendor.url" value="http://www.azul.com/"/>
    <property name="user.timezone" value=""/>
    <property name="java.vm.specification.version" value="11"/>
    <property name="os.name" value="Linux"/>
    <property name="sun.java.launcher" value="SUN_STANDARD"/>
    <property name="user.country" value="US"/>
    <property name="sun.boot.library.path" value="/home/gitpod/.sdkman/candidates/java/11.0.22.fx-zulu/lib"/>
    <property name="sun.java.command" value="/workspace/spring-reactive-mongo-crud/target/surefire/surefirebooter14794797679319609818.jar /workspace/spring-reactive-mongo-crud/target/surefire 2024-03-15T11-17-18_634-jvmRun1 surefire9127926478566800211tmp surefire_016149443429201485702tmp"/>
    <property name="jdk.debug" value="release"/>
    <property name="surefire.test.class.path" value="/workspace/spring-reactive-mongo-crud/target/test-classes:/workspace/spring-reactive-mongo-crud/target/classes:/workspace/m2-repository/org/springframework/boot/spring-boot-starter-data-mongodb-reactive/2.4.5/spring-boot-starter-data-mongodb-reactive-2.4.5.jar:/workspace/m2-repository/org/springframework/boot/spring-boot-starter/2.4.5/spring-boot-starter-2.4.5.jar:/workspace/m2-repository/org/springframework/boot/spring-boot/2.4.5/spring-boot-2.4.5.jar:/workspace/m2-repository/org/springframework/boot/spring-boot-autoconfigure/2.4.5/spring-boot-autoconfigure-2.4.5.jar:/workspace/m2-repository/org/springframework/boot/spring-boot-starter-logging/2.4.5/spring-boot-starter-logging-2.4.5.jar:/workspace/m2-repository/ch/qos/logback/logback-classic/1.2.3/logback-classic-1.2.3.jar:/workspace/m2-repository/ch/qos/logback/logback-core/1.2.3/logback-core-1.2.3.jar:/workspace/m2-repository/org/apache/logging/log4j/log4j-to-slf4j/2.13.3/log4j-to-slf4j-2.13.3.jar:/workspace/m2-repository/org/apache/logging/log4j/log4j-api/2.13.3/log4j-api-2.13.3.jar:/workspace/m2-repository/org/slf4j/jul-to-slf4j/1.7.30/jul-to-slf4j-1.7.30.jar:/workspace/m2-repository/jakarta/annotation/jakarta.annotation-api/1.3.5/jakarta.annotation-api-1.3.5.jar:/workspace/m2-repository/org/yaml/snakeyaml/1.27/snakeyaml-1.27.jar:/workspace/m2-repository/io/projectreactor/reactor-core/3.4.5/reactor-core-3.4.5.jar:/workspace/m2-repository/org/reactivestreams/reactive-streams/1.0.3/reactive-streams-1.0.3.jar:/workspace/m2-repository/org/mongodb/mongodb-driver-reactivestreams/4.1.2/mongodb-driver-reactivestreams-4.1.2.jar:/workspace/m2-repository/org/mongodb/bson/4.1.2/bson-4.1.2.jar:/workspace/m2-repository/org/mongodb/mongodb-driver-core/4.1.2/mongodb-driver-core-4.1.2.jar:/workspace/m2-repository/org/springframework/data/spring-data-mongodb/3.1.8/spring-data-mongodb-3.1.8.jar:/workspace/m2-repository/org/springframework/spring-tx/5.3.6/spring-tx-5.3.6.jar:/workspace/m2-repository/org/springframework/spring-context/5.3.6/spring-context-5.3.6.jar:/workspace/m2-repository/org/springframework/spring-aop/5.3.6/spring-aop-5.3.6.jar:/workspace/m2-repository/org/springframework/spring-beans/5.3.6/spring-beans-5.3.6.jar:/workspace/m2-repository/org/springframework/spring-expression/5.3.6/spring-expression-5.3.6.jar:/workspace/m2-repository/org/springframework/data/spring-data-commons/2.4.8/spring-data-commons-2.4.8.jar:/workspace/m2-repository/org/slf4j/slf4j-api/1.7.30/slf4j-api-1.7.30.jar:/workspace/m2-repository/org/springframework/boot/spring-boot-starter-webflux/2.4.5/spring-boot-starter-webflux-2.4.5.jar:/workspace/m2-repository/org/springframework/boot/spring-boot-starter-json/2.4.5/spring-boot-starter-json-2.4.5.jar:/workspace/m2-repository/com/fasterxml/jackson/core/jackson-databind/2.11.4/jackson-databind-2.11.4.jar:/workspace/m2-repository/com/fasterxml/jackson/core/jackson-annotations/2.11.4/jackson-annotations-2.11.4.jar:/workspace/m2-repository/com/fasterxml/jackson/core/jackson-core/2.11.4/jackson-core-2.11.4.jar:/workspace/m2-repository/com/fasterxml/jackson/datatype/jackson-datatype-jdk8/2.11.4/jackson-datatype-jdk8-2.11.4.jar:/workspace/m2-repository/com/fasterxml/jackson/datatype/jackson-datatype-jsr310/2.11.4/jackson-datatype-jsr310-2.11.4.jar:/workspace/m2-repository/com/fasterxml/jackson/module/jackson-module-parameter-names/2.11.4/jackson-module-parameter-names-2.11.4.jar:/workspace/m2-repository/org/springframework/boot/spring-boot-starter-reactor-netty/2.4.5/spring-boot-starter-reactor-netty-2.4.5.jar:/workspace/m2-repository/io/projectreactor/netty/reactor-netty-http/1.0.6/reactor-netty-http-1.0.6.jar:/workspace/m2-repository/io/netty/netty-codec-http/4.1.63.Final/netty-codec-http-4.1.63.Final.jar:/workspace/m2-repository/io/netty/netty-common/4.1.63.Final/netty-common-4.1.63.Final.jar:/workspace/m2-repository/io/netty/netty-buffer/4.1.63.Final/netty-buffer-4.1.63.Final.jar:/workspace/m2-repository/io/netty/netty-transport/4.1.63.Final/netty-transport-4.1.63.Final.jar:/workspace/m2-repository/io/netty/netty-codec/4.1.63.Final/netty-codec-4.1.63.Final.jar:/workspace/m2-repository/io/netty/netty-handler/4.1.63.Final/netty-handler-4.1.63.Final.jar:/workspace/m2-repository/io/netty/netty-codec-http2/4.1.63.Final/netty-codec-http2-4.1.63.Final.jar:/workspace/m2-repository/io/netty/netty-resolver-dns/4.1.63.Final/netty-resolver-dns-4.1.63.Final.jar:/workspace/m2-repository/io/netty/netty-resolver/4.1.63.Final/netty-resolver-4.1.63.Final.jar:/workspace/m2-repository/io/netty/netty-codec-dns/4.1.63.Final/netty-codec-dns-4.1.63.Final.jar:/workspace/m2-repository/io/netty/netty-resolver-dns-native-macos/4.1.63.Final/netty-resolver-dns-native-macos-4.1.63.Final-osx-x86_64.jar:/workspace/m2-repository/io/netty/netty-transport-native-unix-common/4.1.63.Final/netty-transport-native-unix-common-4.1.63.Final.jar:/workspace/m2-repository/io/netty/netty-transport-native-epoll/4.1.63.Final/netty-transport-native-epoll-4.1.63.Final-linux-x86_64.jar:/workspace/m2-repository/io/projectreactor/netty/reactor-netty-core/1.0.6/reactor-netty-core-1.0.6.jar:/workspace/m2-repository/io/netty/netty-handler-proxy/4.1.63.Final/netty-handler-proxy-4.1.63.Final.jar:/workspace/m2-repository/io/netty/netty-codec-socks/4.1.63.Final/netty-codec-socks-4.1.63.Final.jar:/workspace/m2-repository/org/springframework/spring-web/5.3.6/spring-web-5.3.6.jar:/workspace/m2-repository/org/springframework/spring-webflux/5.3.6/spring-webflux-5.3.6.jar:/workspace/m2-repository/org/projectlombok/lombok/1.18.20/lombok-1.18.20.jar:/workspace/m2-repository/org/springframework/boot/spring-boot-starter-test/2.4.5/spring-boot-starter-test-2.4.5.jar:/workspace/m2-repository/org/springframework/boot/spring-boot-test/2.4.5/spring-boot-test-2.4.5.jar:/workspace/m2-repository/org/springframework/boot/spring-boot-test-autoconfigure/2.4.5/spring-boot-test-autoconfigure-2.4.5.jar:/workspace/m2-repository/com/jayway/jsonpath/json-path/2.4.0/json-path-2.4.0.jar:/workspace/m2-repository/net/minidev/json-smart/2.3/json-smart-2.3.jar:/workspace/m2-repository/net/minidev/accessors-smart/1.2/accessors-smart-1.2.jar:/workspace/m2-repository/org/ow2/asm/asm/5.0.4/asm-5.0.4.jar:/workspace/m2-repository/jakarta/xml/bind/jakarta.xml.bind-api/2.3.3/jakarta.xml.bind-api-2.3.3.jar:/workspace/m2-repository/jakarta/activation/jakarta.activation-api/1.2.2/jakarta.activation-api-1.2.2.jar:/workspace/m2-repository/org/assertj/assertj-core/3.18.1/assertj-core-3.18.1.jar:/workspace/m2-repository/org/hamcrest/hamcrest/2.2/hamcrest-2.2.jar:/workspace/m2-repository/org/junit/jupiter/junit-jupiter/5.7.1/junit-jupiter-5.7.1.jar:/workspace/m2-repository/org/junit/jupiter/junit-jupiter-api/5.7.1/junit-jupiter-api-5.7.1.jar:/workspace/m2-repository/org/apiguardian/apiguardian-api/1.1.0/apiguardian-api-1.1.0.jar:/workspace/m2-repository/org/opentest4j/opentest4j/1.2.0/opentest4j-1.2.0.jar:/workspace/m2-repository/org/junit/platform/junit-platform-commons/1.7.1/junit-platform-commons-1.7.1.jar:/workspace/m2-repository/org/junit/jupiter/junit-jupiter-params/5.7.1/junit-jupiter-params-5.7.1.jar:/workspace/m2-repository/org/junit/jupiter/junit-jupiter-engine/5.7.1/junit-jupiter-engine-5.7.1.jar:/workspace/m2-repository/org/junit/platform/junit-platform-engine/1.7.1/junit-platform-engine-1.7.1.jar:/workspace/m2-repository/org/mockito/mockito-core/3.6.28/mockito-core-3.6.28.jar:/workspace/m2-repository/net/bytebuddy/byte-buddy/1.10.22/byte-buddy-1.10.22.jar:/workspace/m2-repository/net/bytebuddy/byte-buddy-agent/1.10.22/byte-buddy-agent-1.10.22.jar:/workspace/m2-repository/org/objenesis/objenesis/3.1/objenesis-3.1.jar:/workspace/m2-repository/org/mockito/mockito-junit-jupiter/3.6.28/mockito-junit-jupiter-3.6.28.jar:/workspace/m2-repository/org/skyscreamer/jsonassert/1.5.0/jsonassert-1.5.0.jar:/workspace/m2-repository/com/vaadin/external/google/android-json/0.0.20131108.vaadin1/android-json-0.0.20131108.vaadin1.jar:/workspace/m2-repository/org/springframework/spring-core/5.3.6/spring-core-5.3.6.jar:/workspace/m2-repository/org/springframework/spring-jcl/5.3.6/spring-jcl-5.3.6.jar:/workspace/m2-repository/org/springframework/spring-test/5.3.6/spring-test-5.3.6.jar:/workspace/m2-repository/org/xmlunit/xmlunit-core/2.7.0/xmlunit-core-2.7.0.jar:/workspace/m2-repository/de/flapdoodle/embed/de.flapdoodle.embed.mongo/2.2.0/de.flapdoodle.embed.mongo-2.2.0.jar:/workspace/m2-repository/de/flapdoodle/embed/de.flapdoodle.embed.process/2.1.2/de.flapdoodle.embed.process-2.1.2.jar:/workspace/m2-repository/org/apache/commons/commons-lang3/3.11/commons-lang3-3.11.jar:/workspace/m2-repository/net/java/dev/jna/jna/4.0.0/jna-4.0.0.jar:/workspace/m2-repository/net/java/dev/jna/jna-platform/4.0.0/jna-platform-4.0.0.jar:/workspace/m2-repository/org/apache/commons/commons-compress/1.18/commons-compress-1.18.jar:/workspace/m2-repository/io/projectreactor/reactor-test/3.4.5/reactor-test-3.4.5.jar:/workspace/m2-repository/junit/junit/4.13.2/junit-4.13.2.jar:/workspace/m2-repository/org/hamcrest/hamcrest-core/2.2/hamcrest-core-2.2.jar:"/>
    <property name="sun.cpu.endian" value="little"/>
    <property name="user.home" value="/home/gitpod"/>
    <property name="user.language" value="en"/>
    <property name="java.specification.vendor" value="Oracle Corporation"/>
    <property name="java.version.date" value="2024-01-16"/>
    <property name="java.home" value="/home/gitpod/.sdkman/candidates/java/11.0.22.fx-zulu"/>
    <property name="file.separator" value="/"/>
    <property name="basedir" value="/workspace/spring-reactive-mongo-crud"/>
    <property name="java.vm.compressedOopsMode" value="Zero based"/>
    <property name="line.separator" value="&#10;"/>
    <property name="java.specification.name" value="Java Platform API Specification"/>
    <property name="java.vm.specification.vendor" value="Oracle Corporation"/>
    <property name="jdk.vendor.version" value="Zulu11.70+15-CA"/>
    <property name="java.awt.graphicsenv" value="sun.awt.X11GraphicsEnvironment"/>
    <property name="surefire.real.class.path" value="/workspace/spring-reactive-mongo-crud/target/surefire/surefirebooter14794797679319609818.jar"/>
    <property name="sun.management.compiler" value="HotSpot 64-Bit Tiered Compilers"/>
    <property name="java.runtime.version" value="11.0.22+7-LTS"/>
    <property name="user.name" value="gitpod"/>
    <property name="path.separator" value=":"/>
    <property name="os.version" value="6.1.75-060175-generic"/>
    <property name="java.runtime.name" value="OpenJDK Runtime Environment"/>
    <property name="file.encoding" value="UTF-8"/>
    <property name="java.vm.name" value="OpenJDK 64-Bit Server VM"/>
    <property name="skipTests" value="false"/>
    <property name="java.vendor.version" value="Zulu11.70+15-CA"/>
    <property name="localRepository" value="/workspace/m2-repository"/>
    <property name="java.vendor.url.bug" value="http://www.azul.com/support/"/>
    <property name="java.io.tmpdir" value="/tmp"/>
    <property name="java.version" value="11.0.22"/>
    <property name="user.dir" value="/workspace/spring-reactive-mongo-crud"/>
    <property name="os.arch" value="amd64"/>
    <property name="java.vm.specification.name" value="Java Virtual Machine Specification"/>
    <property name="java.awt.printerjob" value="sun.print.PSPrinterJob"/>
    <property name="sun.os.patch.level" value="unknown"/>
    <property name="java.library.path" value="/usr/java/packages/lib:/usr/lib64:/lib64:/lib:/usr/lib"/>
    <property name="java.vm.info" value="mixed mode"/>
    <property name="java.vendor" value="Azul Systems, Inc."/>
    <property name="java.vm.version" value="11.0.22+7-LTS"/>
    <property name="java.specification.maintenance.version" value="2"/>
    <property name="sun.io.unicode.encoding" value="UnicodeLittle"/>
    <property name="java.class.version" value="55.0"/>
  </properties>
  <testcase name="getProductTest" classname="com.javatechie.reactive.SpringReactiveMongoCrudApplicationTests" time="0.393"/>
  <testcase name="getProductsTest" classname="com.javatechie.reactive.SpringReactiveMongoCrudApplicationTests" time="0.017"/>
  <testcase name="deleteProductTest" classname="com.javatechie.reactive.SpringReactiveMongoCrudApplicationTests" time="0.01"/>
  <testcase name="addProductTest" classname="com.javatechie.reactive.SpringReactiveMongoCrudApplicationTests" time="0.057"/>
  <testcase name="updateProductTest" classname="com.javatechie.reactive.SpringReactiveMongoCrudApplicationTests" time="0.01"/>
</testsuite>